<?xml version="1.0" encoding="UTF-8"?>
<!-- Generated by org.testng.reporters.JUnitReportReporter -->
<testsuite skipped="0" hostname="hb20391" name="com.hellobike.test.testcase.getUseBikePageMinorInfoTest" tests="1" failures="0" timestamp="2022-01-13T15:13:30 CST" time="3.127" errors="0">
  <testcase name="getUseBikePageMinorInfoTest" time="3.127" classname="com.hellobike.test.testcase.getUseBikePageMinorInfoTest"/>
</testsuite> <!-- com.hellobike.test.testcase.getUseBikePageMinorInfoTest -->
