<?xml version="1.0" encoding="UTF-8"?>
<!-- Generated by org.testng.reporters.JUnitReportReporter -->
<testsuite skipped="0" hostname="hb20391" name="com.hellobike.test.testcase.ContractBikeSkuTest" tests="1" failures="0" timestamp="2022-01-13T13:51:47 CST" time="1.022" errors="0">
  <testcase name="contractBikeSkuTest" time="1.022" classname="com.hellobike.test.testcase.ContractBikeSkuTest"/>
</testsuite> <!-- com.hellobike.test.testcase.ContractBikeSkuTest -->
